<?xml version="1.0" encoding="UTF-8"?>
<!-- Generated by org.testng.reporters.JUnitReportReporter -->
<testsuite hostname="E5470-01501" failures="0" tests="1" name="TC003_GET_Request" time="4.623" errors="0" timestamp="2020-12-21T16:05:26 EST" skipped="0">
  <testcase classname="TC003_GET_Request" name="getSingleemployeesDetail" time="4.623"/>
  <system-out/>
</testsuite> <!-- TC003_GET_Request -->
