<?xml version="1.0" encoding="UTF-8"?>
<!-- Generated by org.testng.reporters.JUnitReportReporter -->
<testsuite hostname="LAPTOP-38EMVC01" failures="0" tests="1" name="com.restapi.testCases.TC005_GET_ExtractValuesOfEachNodeInJSON" time="0.248" errors="0" timestamp="2020-12-22T15:06:57 EST" skipped="0">
  <testcase classname="com.restapi.testCases.TC005_GET_ExtractValuesOfEachNodeInJSON" name="getemployeesDetails" time="0.248"/>
  <system-out/>
</testsuite> <!-- com.restapi.testCases.TC005_GET_ExtractValuesOfEachNodeInJSON -->
