<?xml version="1.0" encoding="UTF-8"?>
<!-- Generated by org.testng.reporters.JUnitReportReporter -->
<testsuite hostname="LAPTOP-38EMVC01" failures="0" tests="1" name="com.restapi.testCases.TC002_POST_Request" time="1.151" errors="0" timestamp="2020-12-22T15:06:58 EST" skipped="0">
  <testcase classname="com.restapi.testCases.TC002_POST_Request" name="createNewRecord" time="1.151"/>
  <system-out/>
</testsuite> <!-- com.restapi.testCases.TC002_POST_Request -->
