<?xml version="1.0" encoding="UTF-8"?>
<!-- Generated by org.testng.reporters.JUnitReportReporter -->
<testsuite hostname="E5470-01501" failures="0" tests="1" name="TC002_POST_Request" time="3.302" errors="0" timestamp="2020-12-21T16:02:00 EST" skipped="0">
  <testcase classname="TC002_POST_Request" name="createNewRecord" time="3.302"/>
  <system-out/>
</testsuite> <!-- TC002_POST_Request -->
