<?xml version="1.0" encoding="UTF-8"?>
<!-- Generated by org.testng.reporters.JUnitReportReporter -->
<testsuite hostname="E5470-01501" failures="0" tests="1" name="TC005_GET_ExtractValuesOfEachNodeInJSON" time="2.251" errors="0" timestamp="2020-12-21T16:06:19 EST" skipped="0">
  <testcase classname="TC005_GET_ExtractValuesOfEachNodeInJSON" name="getemployeesDetails" time="2.251"/>
  <system-out/>
</testsuite> <!-- TC005_GET_ExtractValuesOfEachNodeInJSON -->
