<?xml version="1.0" encoding="UTF-8"?>
<!-- Generated by org.testng.reporters.JUnitReportReporter -->
<testsuite hostname="E5470-01501" failures="0" tests="1" name="TC004_GET_PrintAllHeaders" time="2.965" errors="0" timestamp="2020-12-18T14:45:18 EST" skipped="0">
  <testcase classname="TC004_GET_PrintAllHeaders" name="getSingleemployeesDetail" time="2.965"/>
  <system-out/>
</testsuite> <!-- TC004_GET_PrintAllHeaders -->
