<?xml version="1.0" encoding="UTF-8"?>
<!-- Generated by org.testng.reporters.JUnitReportReporter -->
<testsuite hostname="E5470-01501" failures="0" tests="1" name="TC001_GET_Request" time="1.611" errors="0" timestamp="2020-12-21T16:04:43 EST" skipped="0">
  <testcase classname="TC001_GET_Request" name="getemployeesDetails" time="1.611"/>
  <system-out/>
</testsuite> <!-- TC001_GET_Request -->
