<?xml version="1.0" encoding="UTF-8"?>
<!-- Generated by org.testng.reporters.JUnitReportReporter -->
<testsuite hostname="E5470-01501" failures="0" tests="5" name="datadriventesting.DataDrivenTest_AddNewEmployees" time="5.230" errors="0" timestamp="2020-12-21T15:00:09 EST" skipped="0">
  <testcase classname="datadriventesting.DataDrivenTest_AddNewEmployees" name="postNewEmployees" time="0.673"/>
  <system-out/>
  <testcase classname="datadriventesting.DataDrivenTest_AddNewEmployees" name="postNewEmployees" time="0.889"/>
  <system-out/>
  <testcase classname="datadriventesting.DataDrivenTest_AddNewEmployees" name="postNewEmployees" time="2.167"/>
  <system-out/>
  <testcase classname="datadriventesting.DataDrivenTest_AddNewEmployees" name="postNewEmployees" time="0.645"/>
  <system-out/>
  <testcase classname="datadriventesting.DataDrivenTest_AddNewEmployees" name="postNewEmployees" time="0.856"/>
  <system-out/>
</testsuite> <!-- datadriventesting.DataDrivenTest_AddNewEmployees -->
